f:\gbc\github\duckbottle\ducktrophy\temp\vc141.pdb
f:\gbc\github\duckbottle\ducktrophy\temp\ducktrophy.obj
f:\gbc\github\duckbottle\ducktrophy\temp\ducktrophy.pch
f:\gbc\github\duckbottle\ducktrophy\temp\vc141.idb
f:\gbc\github\duckbottle\ducktrophy\temp\pch.obj
f:\gbc\github\duckbottle\ducktrophy\temp\main.obj
c:\users\localadmin\desktop\ducktrophy\game\release\win32\ducktrophy.ipdb
c:\users\localadmin\desktop\ducktrophy\game\release\win32\ducktrophy.iobj
f:\gbc\github\duckbottle\ducktrophy\game\release\win32\ducktrophy.ipdb
f:\gbc\github\duckbottle\ducktrophy\game\release\win32\ducktrophy.iobj
c:\users\localadmin\desktop\ducktrophy\game\debug\win32\ducktrophy.exe
c:\users\localadmin\desktop\ducktrophy\game\debug\win32\ducktrophy.ilk
c:\users\localadmin\desktop\ducktrophy\game\debug\win32\ducktrophy.pdb
f:\gbc\github\duckbottle\ducktrophy\game\release\win32\ducktrophy.exe
f:\gbc\github\duckbottle\ducktrophy\game\release\win32\ducktrophy.pdb
c:\users\daimenion\desktop\gbc\semester6\engine\duckbottle\ducktrophy\temp\ducktrophy.obj
c:\users\daimenion\desktop\gbc\semester6\engine\duckbottle\ducktrophy\temp\main.obj
c:\users\daimenion\desktop\gbc\semester6\engine\duckbottle\ducktrophy\temp\pch.obj
c:\users\daimenion\desktop\gbc\semester6\engine\duckbottle\ducktrophy\temp\ducktrophy.pch
c:\users\daimenion\desktop\gbc\semester6\engine\duckbottle\ducktrophy\temp\vc141.idb
c:\users\daimenion\desktop\gbc\semester6\engine\duckbottle\ducktrophy\temp\vc141.pdb
c:\users\daimenion\desktop\gbc\semester6\engine\duckbottle\ducktrophy\temp\ducktrophy.tlog\cl.command.1.tlog
c:\users\daimenion\desktop\gbc\semester6\engine\duckbottle\ducktrophy\temp\ducktrophy.tlog\cl.read.1.tlog
c:\users\daimenion\desktop\gbc\semester6\engine\duckbottle\ducktrophy\temp\ducktrophy.tlog\cl.write.1.tlog
c:\users\daimenion\desktop\gbc\semester6\engine\duckbottle\ducktrophy\temp\ducktrophy.tlog\ducktrophy.write.1u.tlog
c:\users\daimenion\desktop\gbc\semester6\engine\duckbottle\ducktrophy\temp\ducktrophy.tlog\link.command.1.tlog
c:\users\daimenion\desktop\gbc\semester6\engine\duckbottle\ducktrophy\temp\ducktrophy.tlog\link.read.1.tlog
c:\users\daimenion\desktop\gbc\semester6\engine\duckbottle\ducktrophy\temp\ducktrophy.tlog\link.write.1.tlog
