C:\Program Files (x86)\Microsoft Visual Studio\2017\Enterprise\Common7\IDE\VC\VCTargets\Microsoft.CppBuild.targets(376,5): warning MSB8004: Intermediate Directory does not end with a trailing slash.  This build instance will add the slash as it is required to allow proper evaluation of the Intermediate Directory.
C:\Program Files (x86)\Microsoft Visual Studio\2017\Enterprise\Common7\IDE\VC\VCTargets\Microsoft.CppBuild.targets(377,5): warning MSB8004: Output Directory does not end with a trailing slash.  This build instance will add the slash as it is required to allow proper evaluation of the Output Directory.
  windows.cpp
c:\users\localadmin\documents\github\duckbottle\ducktrophy\source\engine\ducktrophy\ducktrophy\windows.cpp(42): warning C4244: '=': conversion from 'unsigned int' to 'T', possible loss of data
          with
          [
              T=float
          ]
c:\users\localadmin\documents\github\duckbottle\ducktrophy\source\engine\ducktrophy\ducktrophy\windows.cpp(43): warning C4244: '=': conversion from 'unsigned int' to 'T', possible loss of data
          with
          [
              T=float
          ]
c:\users\localadmin\documents\github\duckbottle\ducktrophy\source\engine\ducktrophy\ducktrophy\windows.cpp(45): warning C4244: 'argument': conversion from 'T' to 'unsigned int', possible loss of data
          with
          [
              T=float
          ]
c:\users\localadmin\documents\github\duckbottle\ducktrophy\source\engine\ducktrophy\ducktrophy\windows.cpp(67): warning C4244: '=': conversion from 'unsigned int' to 'T', possible loss of data
          with
          [
              T=float
          ]
c:\users\localadmin\documents\github\duckbottle\ducktrophy\source\engine\ducktrophy\ducktrophy\windows.cpp(68): warning C4244: '=': conversion from 'unsigned int' to 'T', possible loss of data
          with
          [
              T=float
          ]
c:\users\localadmin\documents\github\duckbottle\ducktrophy\source\engine\ducktrophy\ducktrophy\windows.cpp(71): warning C4244: 'argument': conversion from 'T' to 'unsigned int', possible loss of data
          with
          [
              T=float
          ]
c:\users\localadmin\documents\github\duckbottle\ducktrophy\source\engine\ducktrophy\ducktrophy\windows.cpp(89): warning C4244: 'argument': conversion from 'int' to 'float', possible loss of data
  DuckTrophy.vcxproj -> C:\Users\localadmin\Documents\GitHub\DuckBottle\DuckTrophy\Source\Engine\DuckTrophy\DuckTrophy\..\..\..\..\Game\Debug\Win32\DuckTrophy.exe
