  main.cpp
c:\users\jack huang\desktop\school stuff\year 3\engine\duckbottle-master\gameengine_ducktube\source\gameengine_ducktube\main.cpp(152): warning C4302: 'type cast': truncation from 'LPSTR' to 'WORD'
c:\users\jack huang\desktop\school stuff\year 3\engine\duckbottle-master\gameengine_ducktube\source\gameengine_ducktube\main.cpp(157): warning C4302: 'type cast': truncation from 'LPSTR' to 'WORD'
c:\users\jack huang\desktop\school stuff\year 3\engine\duckbottle-master\gameengine_ducktube\source\gameengine_ducktube\main.cpp(379): warning C4267: 'argument': conversion from 'size_t' to 'int', possible loss of data
c:\users\jack huang\desktop\school stuff\year 3\engine\duckbottle-master\gameengine_ducktube\source\gameengine_ducktube\main.cpp(343): warning C4477: 'swprintf_s' : format string '%x' requires an argument of type 'unsigned int', but variadic argument 1 has type 'WPARAM'
  c:\users\jack huang\desktop\school stuff\year 3\engine\duckbottle-master\gameengine_ducktube\source\gameengine_ducktube\main.cpp(343): note: consider using '%llx' in the format string
  c:\users\jack huang\desktop\school stuff\year 3\engine\duckbottle-master\gameengine_ducktube\source\gameengine_ducktube\main.cpp(343): note: consider using '%Ix' in the format string
  c:\users\jack huang\desktop\school stuff\year 3\engine\duckbottle-master\gameengine_ducktube\source\gameengine_ducktube\main.cpp(343): note: consider using '%I64x' in the format string
c:\users\jack huang\desktop\school stuff\year 3\engine\duckbottle-master\gameengine_ducktube\source\gameengine_ducktube\main.cpp(353): warning C4477: 'swprintf_s' : format string '%x' requires an argument of type 'unsigned int', but variadic argument 1 has type 'WPARAM'
  c:\users\jack huang\desktop\school stuff\year 3\engine\duckbottle-master\gameengine_ducktube\source\gameengine_ducktube\main.cpp(353): note: consider using '%llx' in the format string
  c:\users\jack huang\desktop\school stuff\year 3\engine\duckbottle-master\gameengine_ducktube\source\gameengine_ducktube\main.cpp(353): note: consider using '%Ix' in the format string
  c:\users\jack huang\desktop\school stuff\year 3\engine\duckbottle-master\gameengine_ducktube\source\gameengine_ducktube\main.cpp(353): note: consider using '%I64x' in the format string
c:\users\jack huang\desktop\school stuff\year 3\engine\duckbottle-master\gameengine_ducktube\source\gameengine_ducktube\main.cpp(358): warning C4477: 'swprintf_s' : format string '%x' requires an argument of type 'unsigned int', but variadic argument 1 has type 'WPARAM'
  c:\users\jack huang\desktop\school stuff\year 3\engine\duckbottle-master\gameengine_ducktube\source\gameengine_ducktube\main.cpp(358): note: consider using '%llx' in the format string
  c:\users\jack huang\desktop\school stuff\year 3\engine\duckbottle-master\gameengine_ducktube\source\gameengine_ducktube\main.cpp(358): note: consider using '%Ix' in the format string
  c:\users\jack huang\desktop\school stuff\year 3\engine\duckbottle-master\gameengine_ducktube\source\gameengine_ducktube\main.cpp(358): note: consider using '%I64x' in the format string
c:\users\jack huang\desktop\school stuff\year 3\engine\duckbottle-master\gameengine_ducktube\source\gameengine_ducktube\main.cpp(363): warning C4477: 'swprintf_s' : format string '%x' requires an argument of type 'unsigned int', but variadic argument 1 has type 'WPARAM'
  c:\users\jack huang\desktop\school stuff\year 3\engine\duckbottle-master\gameengine_ducktube\source\gameengine_ducktube\main.cpp(363): note: consider using '%llx' in the format string
  c:\users\jack huang\desktop\school stuff\year 3\engine\duckbottle-master\gameengine_ducktube\source\gameengine_ducktube\main.cpp(363): note: consider using '%Ix' in the format string
  c:\users\jack huang\desktop\school stuff\year 3\engine\duckbottle-master\gameengine_ducktube\source\gameengine_ducktube\main.cpp(363): note: consider using '%I64x' in the format string
c:\users\jack huang\desktop\school stuff\year 3\engine\duckbottle-master\gameengine_ducktube\source\gameengine_ducktube\main.cpp(94): warning C4715: 'CheckMemory': not all control paths return a value
  GameEngine_DuckTube.vcxproj -> C:\Users\Jack huang\Desktop\school stuff\Year 3\Engine\DuckBottle-master\GameEngine_DuckTube\Source\x64\Debug\GameEngine_DuckTube.exe
